app/build 2/intermediates/manifest_merge_blame_file/debug/manifest-merger-blame-debug-report 4.txt
1<?xml version="1.0" encoding="utf-8"?>
2<manifest xmlns:android="http://schemas.android.com/apk/res/android"
3    package="com.faislll.myapplication"
4    android:versionCode="1"
5    android:versionName="1.0" >
6
7    <uses-sdk
8        android:minSdkVersion="26"
8-->src/main/AndroidManifest.xml
9        android:targetSdkVersion="31" />
9-->src/main/AndroidManifest.xml
10
11    <uses-permission android:name="android.permission.INTERNET" />
11-->src/main/AndroidManifest.xml:4:5-67
11-->src/main/AndroidManifest.xml:4:22-64
12    <uses-permission android:name="android.permission.ACCESS_NETWORK_STATE" />
12-->src/main/AndroidManifest.xml:5:5-79
12-->src/main/AndroidManifest.xml:5:22-76
13
14    <application
14-->src/main/AndroidManifest.xml:8:5-31:19
15        android:allowBackup="true"
15-->src/main/AndroidManifest.xml:9:9-35
16        android:appComponentFactory="androidx.core.app.CoreComponentFactory"
16-->[androidx.core:core:1.5.0] AndroidManifest.xml:24:18-86
17        android:debuggable="true"
18        android:extractNativeLibs="false"
19        android:icon="@mipmap/ic_launcher"
19-->src/main/AndroidManifest.xml:10:9-43
20        android:label="@string/app_name"
20-->src/main/AndroidManifest.xml:11:9-41
21        android:roundIcon="@mipmap/ic_launcher_round"
21-->src/main/AndroidManifest.xml:12:9-54
22        android:supportsRtl="true"
22-->src/main/AndroidManifest.xml:13:9-35
23        android:testOnly="true"
24        android:theme="@style/AppTheme" >
24-->src/main/AndroidManifest.xml:14:9-40
25        <activity android:name="com.faislll.myapplication.MainActivity" />
25-->src/main/AndroidManifest.xml:15:9-59
25-->src/main/AndroidManifest.xml:15:19-47
26        <activity android:name="com.faislll.myapplication.Profile" />
26-->src/main/AndroidManifest.xml:16:9-45
26-->src/main/AndroidManifest.xml:16:19-42
27        <activity android:name="com.faislll.myapplication.MenuDetailMasakan" />
27-->src/main/AndroidManifest.xml:17:9-55
27-->src/main/AndroidManifest.xml:17:19-52
28        <activity android:name="com.faislll.myapplication.MenuDetailKue" />
28-->src/main/AndroidManifest.xml:18:9-51
28-->src/main/AndroidManifest.xml:18:19-48
29        <activity android:name="com.faislll.myapplication.MenuDetailSarapan" />
29-->src/main/AndroidManifest.xml:19:9-55
29-->src/main/AndroidManifest.xml:19:19-52
30        <activity android:name="com.faislll.myapplication.MenuMasakan" />
30-->src/main/AndroidManifest.xml:20:9-49
30-->src/main/AndroidManifest.xml:20:19-46
31        <!-- <activity android:name=".MenuKue" /> -->
32        <!-- <activity android:name=".MenuSarapan" /> -->
33        <activity
33-->src/main/AndroidManifest.xml:23:9-30:20
34            android:name="com.faislll.myapplication.Login"
34-->src/main/AndroidManifest.xml:23:19-40
35            android:exported="true" >
35-->src/main/AndroidManifest.xml:24:13-36
36            <intent-filter>
36-->src/main/AndroidManifest.xml:25:13-29:29
37                <action android:name="android.intent.action.MAIN" />
37-->src/main/AndroidManifest.xml:26:17-69
37-->src/main/AndroidManifest.xml:26:25-66
38
39                <category android:name="android.intent.category.LAUNCHER" />
39-->src/main/AndroidManifest.xml:28:17-77
39-->src/main/AndroidManifest.xml:28:27-74
40            </intent-filter>
41        </activity>
42
43        <meta-data
43-->[com.firebaseui:firebase-ui-auth:8.0.1] AndroidManifest.xml:14:9-16:69
44            android:name="com.google.android.gms.version"
44-->[com.firebaseui:firebase-ui-auth:8.0.1] AndroidManifest.xml:15:13-58
45            android:value="@integer/google_play_services_version" />
45-->[com.firebaseui:firebase-ui-auth:8.0.1] AndroidManifest.xml:16:13-66
46        <meta-data
46-->[com.firebaseui:firebase-ui-auth:8.0.1] AndroidManifest.xml:17:9-19:63
47            android:name="com.facebook.sdk.ApplicationId"
47-->[com.firebaseui:firebase-ui-auth:8.0.1] AndroidManifest.xml:18:13-58
48            android:value="@string/facebook_application_id" />
48-->[com.firebaseui:firebase-ui-auth:8.0.1] AndroidManifest.xml:19:13-60
49
50        <activity
50-->[com.firebaseui:firebase-ui-auth:8.0.1] AndroidManifest.xml:21:9-25:61
51            android:name="com.firebase.ui.auth.KickoffActivity"
51-->[com.firebaseui:firebase-ui-auth:8.0.1] AndroidManifest.xml:22:13-64
52            android:exported="false"
52-->[com.firebaseui:firebase-ui-auth:8.0.1] AndroidManifest.xml:23:13-37
53            android:label=""
53-->[com.firebaseui:firebase-ui-auth:8.0.1] AndroidManifest.xml:24:13-29
54            android:theme="@style/FirebaseUI.Transparent" />
54-->[com.firebaseui:firebase-ui-auth:8.0.1] AndroidManifest.xml:25:13-58
55        <activity
55-->[com.firebaseui:firebase-ui-auth:8.0.1] AndroidManifest.xml:26:9-30:61
56            android:name="com.firebase.ui.auth.ui.idp.SingleSignInActivity"
56-->[com.firebaseui:firebase-ui-auth:8.0.1] AndroidManifest.xml:27:13-76
57            android:exported="false"
57-->[com.firebaseui:firebase-ui-auth:8.0.1] AndroidManifest.xml:28:13-37
58            android:label=""
58-->[com.firebaseui:firebase-ui-auth:8.0.1] AndroidManifest.xml:29:13-29
59            android:theme="@style/FirebaseUI.Transparent" />
59-->[com.firebaseui:firebase-ui-auth:8.0.1] AndroidManifest.xml:30:13-58
60        <activity
60-->[com.firebaseui:firebase-ui-auth:8.0.1] AndroidManifest.xml:31:9-35:61
61            android:name="com.firebase.ui.auth.ui.credentials.CredentialSaveActivity"
61-->[com.firebaseui:firebase-ui-auth:8.0.1] AndroidManifest.xml:32:13-86
62            android:exported="false"
62-->[com.firebaseui:firebase-ui-auth:8.0.1] AndroidManifest.xml:33:13-37
63            android:label=""
63-->[com.firebaseui:firebase-ui-auth:8.0.1] AndroidManifest.xml:34:13-29
64            android:theme="@style/FirebaseUI.Transparent" />
64-->[com.firebaseui:firebase-ui-auth:8.0.1] AndroidManifest.xml:35:13-58
65        <activity
65-->[com.firebaseui:firebase-ui-auth:8.0.1] AndroidManifest.xml:36:9-40:58
66            android:name="com.firebase.ui.auth.ui.email.RecoverPasswordActivity"
66-->[com.firebaseui:firebase-ui-auth:8.0.1] AndroidManifest.xml:37:13-81
67            android:exported="false"
67-->[com.firebaseui:firebase-ui-auth:8.0.1] AndroidManifest.xml:38:13-37
68            android:label="@string/fui_title_recover_password_activity"
68-->[com.firebaseui:firebase-ui-auth:8.0.1] AndroidManifest.xml:39:13-72
69            android:windowSoftInputMode="adjustResize" />
69-->[com.firebaseui:firebase-ui-auth:8.0.1] AndroidManifest.xml:40:13-55
70        <activity
70-->[com.firebaseui:firebase-ui-auth:8.0.1] AndroidManifest.xml:41:9-45:58
71            android:name="com.firebase.ui.auth.ui.email.EmailActivity"
71-->[com.firebaseui:firebase-ui-auth:8.0.1] AndroidManifest.xml:42:13-71
72            android:exported="false"
72-->[com.firebaseui:firebase-ui-auth:8.0.1] AndroidManifest.xml:43:13-37
73            android:label="@string/fui_sign_in_default"
73-->[com.firebaseui:firebase-ui-auth:8.0.1] AndroidManifest.xml:44:13-56
74            android:windowSoftInputMode="adjustResize" />
74-->[com.firebaseui:firebase-ui-auth:8.0.1] AndroidManifest.xml:45:13-55
75        <activity
75-->[com.firebaseui:firebase-ui-auth:8.0.1] AndroidManifest.xml:46:9-50:77
76            android:name="com.firebase.ui.auth.ui.phone.PhoneActivity"
76-->[com.firebaseui:firebase-ui-auth:8.0.1] AndroidManifest.xml:47:13-71
77            android:exported="false"
77-->[com.firebaseui:firebase-ui-auth:8.0.1] AndroidManifest.xml:48:13-37
78            android:label="@string/fui_sign_in_with_phone_number"
78-->[com.firebaseui:firebase-ui-auth:8.0.1] AndroidManifest.xml:49:13-66
79            android:windowSoftInputMode="adjustResize|stateAlwaysVisible" />
79-->[com.firebaseui:firebase-ui-auth:8.0.1] AndroidManifest.xml:50:13-74
80        <activity
80-->[com.firebaseui:firebase-ui-auth:8.0.1] AndroidManifest.xml:51:9-55:58
81            android:name="com.firebase.ui.auth.ui.idp.WelcomeBackIdpPrompt"
81-->[com.firebaseui:firebase-ui-auth:8.0.1] AndroidManifest.xml:52:13-76
82            android:exported="false"
82-->[com.firebaseui:firebase-ui-auth:8.0.1] AndroidManifest.xml:53:13-37
83            android:label="@string/fui_title_welcome_back_idp_prompt"
83-->[com.firebaseui:firebase-ui-auth:8.0.1] AndroidManifest.xml:54:13-70
84            android:windowSoftInputMode="adjustResize" />
84-->[com.firebaseui:firebase-ui-auth:8.0.1] AndroidManifest.xml:55:13-55
85        <activity
85-->[com.firebaseui:firebase-ui-auth:8.0.1] AndroidManifest.xml:56:9-60:58
86            android:name="com.firebase.ui.auth.ui.email.WelcomeBackPasswordPrompt"
86-->[com.firebaseui:firebase-ui-auth:8.0.1] AndroidManifest.xml:57:13-83
87            android:exported="false"
87-->[com.firebaseui:firebase-ui-auth:8.0.1] AndroidManifest.xml:58:13-37
88            android:label="@string/fui_title_welcome_back_password_prompt"
88-->[com.firebaseui:firebase-ui-auth:8.0.1] AndroidManifest.xml:59:13-75
89            android:windowSoftInputMode="adjustResize" />
89-->[com.firebaseui:firebase-ui-auth:8.0.1] AndroidManifest.xml:60:13-55
90        <activity
90-->[com.firebaseui:firebase-ui-auth:8.0.1] AndroidManifest.xml:61:9-65:58
91            android:name="com.firebase.ui.auth.ui.email.WelcomeBackEmailLinkPrompt"
91-->[com.firebaseui:firebase-ui-auth:8.0.1] AndroidManifest.xml:62:13-84
92            android:exported="false"
92-->[com.firebaseui:firebase-ui-auth:8.0.1] AndroidManifest.xml:63:13-37
93            android:label="@string/fui_title_welcome_back_password_prompt"
93-->[com.firebaseui:firebase-ui-auth:8.0.1] AndroidManifest.xml:64:13-75
94            android:windowSoftInputMode="adjustResize" />
94-->[com.firebaseui:firebase-ui-auth:8.0.1] AndroidManifest.xml:65:13-55
95        <activity
95-->[com.firebaseui:firebase-ui-auth:8.0.1] AndroidManifest.xml:66:9-71:58
96            android:name="com.firebase.ui.auth.ui.email.EmailLinkCatcherActivity"
96-->[com.firebaseui:firebase-ui-auth:8.0.1] AndroidManifest.xml:67:13-82
97            android:exported="false"
97-->[com.firebaseui:firebase-ui-auth:8.0.1] AndroidManifest.xml:68:13-37
98            android:label=""
98-->[com.firebaseui:firebase-ui-auth:8.0.1] AndroidManifest.xml:69:13-29
99            android:theme="@style/FirebaseUI.Transparent"
99-->[com.firebaseui:firebase-ui-auth:8.0.1] AndroidManifest.xml:70:13-58
100            android:windowSoftInputMode="adjustResize" />
100-->[com.firebaseui:firebase-ui-auth:8.0.1] AndroidManifest.xml:71:13-55
101        <activity
101-->[com.firebaseui:firebase-ui-auth:8.0.1] AndroidManifest.xml:72:9-76:58
102            android:name="com.firebase.ui.auth.ui.email.EmailLinkErrorRecoveryActivity"
102-->[com.firebaseui:firebase-ui-auth:8.0.1] AndroidManifest.xml:73:13-88
103            android:exported="false"
103-->[com.firebaseui:firebase-ui-auth:8.0.1] AndroidManifest.xml:74:13-37
104            android:label="@string/fui_sign_in_default"
104-->[com.firebaseui:firebase-ui-auth:8.0.1] AndroidManifest.xml:75:13-56
105            android:windowSoftInputMode="adjustResize" />
105-->[com.firebaseui:firebase-ui-auth:8.0.1] AndroidManifest.xml:76:13-55
106        <activity
106-->[com.firebaseui:firebase-ui-auth:8.0.1] AndroidManifest.xml:77:9-80:65
107            android:name="com.firebase.ui.auth.ui.idp.AuthMethodPickerActivity"
107-->[com.firebaseui:firebase-ui-auth:8.0.1] AndroidManifest.xml:78:13-80
108            android:exported="false"
108-->[com.firebaseui:firebase-ui-auth:8.0.1] AndroidManifest.xml:79:13-37
109            android:label="@string/fui_default_toolbar_title" />
109-->[com.firebaseui:firebase-ui-auth:8.0.1] AndroidManifest.xml:80:13-62
110        <activity
110-->[com.firebaseui:firebase-ui-auth:8.0.1] AndroidManifest.xml:81:9-85:48
111            android:name="com.facebook.FacebookActivity"
111-->[com.firebaseui:firebase-ui-auth:8.0.1] AndroidManifest.xml:82:13-57
112            android:configChanges="keyboard|keyboardHidden|screenLayout|screenSize|orientation"
112-->[com.firebaseui:firebase-ui-auth:8.0.1] AndroidManifest.xml:83:13-96
113            android:label="@string/app_name" />
113-->[com.firebaseui:firebase-ui-auth:8.0.1] AndroidManifest.xml:84:13-45
114        <activity
114-->[com.firebaseui:firebase-ui-auth:8.0.1] AndroidManifest.xml:86:9-98:20
115            android:name="com.facebook.CustomTabActivity"
115-->[com.firebaseui:firebase-ui-auth:8.0.1] AndroidManifest.xml:87:13-58
116            android:exported="true" >
116-->[com.firebaseui:firebase-ui-auth:8.0.1] AndroidManifest.xml:88:13-36
117            <intent-filter>
117-->[com.firebaseui:firebase-ui-auth:8.0.1] AndroidManifest.xml:90:13-97:29
118                <action android:name="android.intent.action.VIEW" />
118-->[com.firebaseui:firebase-ui-auth:8.0.1] AndroidManifest.xml:91:17-69
118-->[com.firebaseui:firebase-ui-auth:8.0.1] AndroidManifest.xml:91:25-66
119
120                <category android:name="android.intent.category.DEFAULT" />
120-->[com.firebaseui:firebase-ui-auth:8.0.1] AndroidManifest.xml:93:17-76
120-->[com.firebaseui:firebase-ui-auth:8.0.1] AndroidManifest.xml:93:27-73
121                <category android:name="android.intent.category.BROWSABLE" />
121-->[com.firebaseui:firebase-ui-auth:8.0.1] AndroidManifest.xml:94:17-78
121-->[com.firebaseui:firebase-ui-auth:8.0.1] AndroidManifest.xml:94:27-75
122
123                <data android:scheme="@string/facebook_login_protocol_scheme" />
123-->[com.firebaseui:firebase-ui-auth:8.0.1] AndroidManifest.xml:96:17-81
123-->[com.firebaseui:firebase-ui-auth:8.0.1] AndroidManifest.xml:96:23-78
124            </intent-filter>
125        </activity>
126
127        <provider
127-->[com.firebaseui:firebase-ui-auth:8.0.1] AndroidManifest.xml:100:9-104:38
128            android:name="com.firebase.ui.auth.data.client.AuthUiInitProvider"
128-->[com.firebaseui:firebase-ui-auth:8.0.1] AndroidManifest.xml:101:13-79
129            android:authorities="com.faislll.myapplication.authuiinitprovider"
129-->[com.firebaseui:firebase-ui-auth:8.0.1] AndroidManifest.xml:102:13-70
130            android:exported="false"
130-->[com.firebaseui:firebase-ui-auth:8.0.1] AndroidManifest.xml:103:13-37
131            android:initOrder="90" />
131-->[com.firebaseui:firebase-ui-auth:8.0.1] AndroidManifest.xml:104:13-35
132
133        <activity
133-->[com.google.firebase:firebase-auth:21.0.5] AndroidManifest.xml:27:9-44:20
134            android:name="com.google.firebase.auth.internal.GenericIdpActivity"
134-->[com.google.firebase:firebase-auth:21.0.5] AndroidManifest.xml:28:13-80
135            android:excludeFromRecents="true"
135-->[com.google.firebase:firebase-auth:21.0.5] AndroidManifest.xml:29:13-46
136            android:exported="true"
136-->[com.google.firebase:firebase-auth:21.0.5] AndroidManifest.xml:30:13-36
137            android:launchMode="singleTask"
137-->[com.google.firebase:firebase-auth:21.0.5] AndroidManifest.xml:31:13-44
138            android:theme="@android:style/Theme.Translucent.NoTitleBar" >
138-->[com.google.firebase:firebase-auth:21.0.5] AndroidManifest.xml:32:13-72
139            <intent-filter>
139-->[com.google.firebase:firebase-auth:21.0.5] AndroidManifest.xml:33:13-43:29
140                <action android:name="android.intent.action.VIEW" />
140-->[com.firebaseui:firebase-ui-auth:8.0.1] AndroidManifest.xml:91:17-69
140-->[com.firebaseui:firebase-ui-auth:8.0.1] AndroidManifest.xml:91:25-66
141
142                <category android:name="android.intent.category.DEFAULT" />
142-->[com.firebaseui:firebase-ui-auth:8.0.1] AndroidManifest.xml:93:17-76
142-->[com.firebaseui:firebase-ui-auth:8.0.1] AndroidManifest.xml:93:27-73
143                <category android:name="android.intent.category.BROWSABLE" />
143-->[com.firebaseui:firebase-ui-auth:8.0.1] AndroidManifest.xml:94:17-78
143-->[com.firebaseui:firebase-ui-auth:8.0.1] AndroidManifest.xml:94:27-75
144
145                <data
145-->[com.firebaseui:firebase-ui-auth:8.0.1] AndroidManifest.xml:96:17-81
146                    android:host="firebase.auth"
147                    android:path="/"
148                    android:scheme="genericidp" />
148-->[com.firebaseui:firebase-ui-auth:8.0.1] AndroidManifest.xml:96:23-78
149            </intent-filter>
150        </activity>
151        <activity
151-->[com.google.firebase:firebase-auth:21.0.5] AndroidManifest.xml:45:9-62:20
152            android:name="com.google.firebase.auth.internal.RecaptchaActivity"
152-->[com.google.firebase:firebase-auth:21.0.5] AndroidManifest.xml:46:13-79
153            android:excludeFromRecents="true"
153-->[com.google.firebase:firebase-auth:21.0.5] AndroidManifest.xml:47:13-46
154            android:exported="true"
154-->[com.google.firebase:firebase-auth:21.0.5] AndroidManifest.xml:48:13-36
155            android:launchMode="singleTask"
155-->[com.google.firebase:firebase-auth:21.0.5] AndroidManifest.xml:49:13-44
156            android:theme="@android:style/Theme.Translucent.NoTitleBar" >
156-->[com.google.firebase:firebase-auth:21.0.5] AndroidManifest.xml:50:13-72
157            <intent-filter>
157-->[com.google.firebase:firebase-auth:21.0.5] AndroidManifest.xml:51:13-61:29
158                <action android:name="android.intent.action.VIEW" />
158-->[com.firebaseui:firebase-ui-auth:8.0.1] AndroidManifest.xml:91:17-69
158-->[com.firebaseui:firebase-ui-auth:8.0.1] AndroidManifest.xml:91:25-66
159
160                <category android:name="android.intent.category.DEFAULT" />
160-->[com.firebaseui:firebase-ui-auth:8.0.1] AndroidManifest.xml:93:17-76
160-->[com.firebaseui:firebase-ui-auth:8.0.1] AndroidManifest.xml:93:27-73
161                <category android:name="android.intent.category.BROWSABLE" />
161-->[com.firebaseui:firebase-ui-auth:8.0.1] AndroidManifest.xml:94:17-78
161-->[com.firebaseui:firebase-ui-auth:8.0.1] AndroidManifest.xml:94:27-75
162
163                <data
163-->[com.firebaseui:firebase-ui-auth:8.0.1] AndroidManifest.xml:96:17-81
164                    android:host="firebase.auth"
165                    android:path="/"
166                    android:scheme="recaptcha" />
166-->[com.firebaseui:firebase-ui-auth:8.0.1] AndroidManifest.xml:96:23-78
167            </intent-filter>
168        </activity>
169
170        <service
170-->[com.google.firebase:firebase-auth:21.0.5] AndroidManifest.xml:64:9-70:19
171            android:name="com.google.firebase.components.ComponentDiscoveryService"
171-->[com.google.firebase:firebase-auth:21.0.5] AndroidManifest.xml:65:13-84
172            android:directBootAware="true"
172-->[com.google.firebase:firebase-common:20.1.1] AndroidManifest.xml:35:13-43
173            android:exported="false" >
173-->[com.google.firebase:firebase-auth:21.0.5] AndroidManifest.xml:66:13-37
174            <meta-data
174-->[com.google.firebase:firebase-auth:21.0.5] AndroidManifest.xml:67:13-69:85
175                android:name="com.google.firebase.components:com.google.firebase.auth.FirebaseAuthRegistrar"
175-->[com.google.firebase:firebase-auth:21.0.5] AndroidManifest.xml:68:17-109
176                android:value="com.google.firebase.components.ComponentRegistrar" />
176-->[com.google.firebase:firebase-auth:21.0.5] AndroidManifest.xml:69:17-82
177        </service>
178
179        <provider
179-->[com.google.firebase:firebase-common:20.1.1] AndroidManifest.xml:26:9-31:39
180            android:name="com.google.firebase.provider.FirebaseInitProvider"
180-->[com.google.firebase:firebase-common:20.1.1] AndroidManifest.xml:27:13-77
181            android:authorities="com.faislll.myapplication.firebaseinitprovider"
181-->[com.google.firebase:firebase-common:20.1.1] AndroidManifest.xml:28:13-72
182            android:directBootAware="true"
182-->[com.google.firebase:firebase-common:20.1.1] AndroidManifest.xml:29:13-43
183            android:exported="false"
183-->[com.google.firebase:firebase-common:20.1.1] AndroidManifest.xml:30:13-37
184            android:initOrder="100" />
184-->[com.google.firebase:firebase-common:20.1.1] AndroidManifest.xml:31:13-36
185
186        <activity
186-->[com.google.android.gms:play-services-auth:19.0.0] AndroidManifest.xml:23:9-27:75
187            android:name="com.google.android.gms.auth.api.signin.internal.SignInHubActivity"
187-->[com.google.android.gms:play-services-auth:19.0.0] AndroidManifest.xml:24:13-93
188            android:excludeFromRecents="true"
188-->[com.google.android.gms:play-services-auth:19.0.0] AndroidManifest.xml:25:13-46
189            android:exported="false"
189-->[com.google.android.gms:play-services-auth:19.0.0] AndroidManifest.xml:26:13-37
190            android:theme="@android:style/Theme.Translucent.NoTitleBar" />
190-->[com.google.android.gms:play-services-auth:19.0.0] AndroidManifest.xml:27:13-72
191        <!--
192            Service handling Google Sign-In user revocation. For apps that do not integrate with
193            Google Sign-In, this service will never be started.
194        -->
195        <service
195-->[com.google.android.gms:play-services-auth:19.0.0] AndroidManifest.xml:33:9-37:51
196            android:name="com.google.android.gms.auth.api.signin.RevocationBoundService"
196-->[com.google.android.gms:play-services-auth:19.0.0] AndroidManifest.xml:34:13-89
197            android:exported="true"
197-->[com.google.android.gms:play-services-auth:19.0.0] AndroidManifest.xml:35:13-36
198            android:permission="com.google.android.gms.auth.api.signin.permission.REVOCATION_NOTIFICATION"
198-->[com.google.android.gms:play-services-auth:19.0.0] AndroidManifest.xml:36:13-107
199            android:visibleToInstantApps="true" />
199-->[com.google.android.gms:play-services-auth:19.0.0] AndroidManifest.xml:37:13-48
200
201        <activity
201-->[com.google.android.gms:play-services-base:17.1.0] AndroidManifest.xml:23:9-26:75
202            android:name="com.google.android.gms.common.api.GoogleApiActivity"
202-->[com.google.android.gms:play-services-base:17.1.0] AndroidManifest.xml:24:13-79
203            android:exported="false"
203-->[com.google.android.gms:play-services-base:17.1.0] AndroidManifest.xml:25:13-37
204            android:theme="@android:style/Theme.Translucent.NoTitleBar" />
204-->[com.google.android.gms:play-services-base:17.1.0] AndroidManifest.xml:26:13-72
205
206        <provider
206-->[androidx.lifecycle:lifecycle-process:2.2.0] AndroidManifest.xml:25:9-29:43
207            android:name="androidx.lifecycle.ProcessLifecycleOwnerInitializer"
207-->[androidx.lifecycle:lifecycle-process:2.2.0] AndroidManifest.xml:26:13-79
208            android:authorities="com.faislll.myapplication.lifecycle-process"
208-->[androidx.lifecycle:lifecycle-process:2.2.0] AndroidManifest.xml:27:13-69
209            android:exported="false"
209-->[androidx.lifecycle:lifecycle-process:2.2.0] AndroidManifest.xml:28:13-37
210            android:multiprocess="true" />
210-->[androidx.lifecycle:lifecycle-process:2.2.0] AndroidManifest.xml:29:13-40
211    </application>
212
213</manifest>